[Fri Feb 17 16:40:37 MST 2023] - INFO passoff.ServerTest: 	Setting up Persistence Test...
[Fri Feb 17 16:40:37 MST 2023] - INFO client.Proxy: 	Clear called
[Fri Feb 17 16:40:37 MST 2023] - INFO client.Client: 	Post without Request Body called
[Fri Feb 17 16:40:37 MST 2023] - INFO client.Client: 	Attempting to open connection to server
[Fri Feb 17 16:40:37 MST 2023] - INFO client.Client: 	Connection opened to server
[Fri Feb 17 16:40:37 MST 2023] - INFO client.Client: 	Setting passoffrequest method to POST
[Fri Feb 17 16:40:37 MST 2023] - INFO client.Client: 	Request method set to POST
[Fri Feb 17 16:40:37 MST 2023] - INFO client.Client: 	Setting Do Output to true
[Fri Feb 17 16:40:37 MST 2023] - INFO client.Client: 	Do Output set to true
[Fri Feb 17 16:40:37 MST 2023] - INFO client.Client: 	Connecting to server
[Fri Feb 17 16:40:37 MST 2023] - INFO client.Client: 	Connected to server
[Fri Feb 17 16:40:37 MST 2023] - INFO client.Client: 	Getting response code from server
[Fri Feb 17 16:40:37 MST 2023] - INFO client.Client: 	Response code 200 returned
[Fri Feb 17 16:40:37 MST 2023] - INFO client.Client: 	Getting input stream from server
[Fri Feb 17 16:40:37 MST 2023] - INFO client.Client: 	Reading input stream into a string
[Fri Feb 17 16:40:37 MST 2023] - INFO passoff.ServerTest: 	Running Persistence Test...
[Fri Feb 17 16:40:37 MST 2023] - INFO client.Proxy: 	Load called
[Fri Feb 17 16:40:37 MST 2023] - INFO client.Client: 	Post with Request Body called
[Fri Feb 17 16:40:37 MST 2023] - INFO client.Client: 	Attempting to open connection to server
[Fri Feb 17 16:40:37 MST 2023] - INFO client.Client: 	Connection opened to server
[Fri Feb 17 16:40:37 MST 2023] - INFO client.Client: 	Setting passoffrequest method to POST
[Fri Feb 17 16:40:37 MST 2023] - INFO client.Client: 	Request method set to POST
[Fri Feb 17 16:40:37 MST 2023] - INFO client.Client: 	Setting Do Output to true
[Fri Feb 17 16:40:37 MST 2023] - INFO client.Client: 	Do Output set to true
[Fri Feb 17 16:40:37 MST 2023] - INFO client.Client: 	Connecting to server
[Fri Feb 17 16:40:37 MST 2023] - INFO client.Client: 	Connected to server
[Fri Feb 17 16:40:37 MST 2023] - INFO client.Client: 	Opening output stream to server
[Fri Feb 17 16:40:37 MST 2023] - INFO client.Client: 	Writing passoffrequest to server output stream
[Fri Feb 17 16:40:37 MST 2023] - INFO client.Client: 	Request written to server output stream
[Fri Feb 17 16:40:37 MST 2023] - INFO client.Client: 	Closing output stream to server
[Fri Feb 17 16:40:37 MST 2023] - INFO client.Client: 	Output stream to server closed
[Fri Feb 17 16:40:37 MST 2023] - INFO client.Client: 	Getting response code from server
[Fri Feb 17 16:40:37 MST 2023] - INFO client.Client: 	Response code 200 returned
[Fri Feb 17 16:40:37 MST 2023] - INFO client.Client: 	Getting input stream from server
[Fri Feb 17 16:40:37 MST 2023] - INFO client.Client: 	Reading input stream into a string
[Fri Feb 17 16:40:50 MST 2023] - INFO client.Proxy: 	Login called
[Fri Feb 17 16:40:50 MST 2023] - INFO client.Client: 	Post with Request Body called
[Fri Feb 17 16:40:50 MST 2023] - INFO client.Client: 	Attempting to open connection to server
[Fri Feb 17 16:40:50 MST 2023] - INFO client.Client: 	Connection opened to server
[Fri Feb 17 16:40:50 MST 2023] - INFO client.Client: 	Setting passoffrequest method to POST
[Fri Feb 17 16:40:50 MST 2023] - INFO client.Client: 	Request method set to POST
[Fri Feb 17 16:40:50 MST 2023] - INFO client.Client: 	Setting Do Output to true
[Fri Feb 17 16:40:50 MST 2023] - INFO client.Client: 	Do Output set to true
[Fri Feb 17 16:40:50 MST 2023] - INFO client.Client: 	Connecting to server
[Fri Feb 17 16:40:50 MST 2023] - INFO client.Client: 	Connected to server
[Fri Feb 17 16:40:50 MST 2023] - INFO client.Client: 	Opening output stream to server
[Fri Feb 17 16:40:50 MST 2023] - INFO client.Client: 	Writing passoffrequest to server output stream
[Fri Feb 17 16:40:50 MST 2023] - INFO client.Client: 	Request written to server output stream
[Fri Feb 17 16:40:50 MST 2023] - INFO client.Client: 	Closing output stream to server
[Fri Feb 17 16:40:50 MST 2023] - INFO client.Client: 	Output stream to server closed
[Fri Feb 17 16:40:50 MST 2023] - INFO client.Client: 	Getting response code from server
[Fri Feb 17 16:40:50 MST 2023] - INFO client.Client: 	Response code 200 returned
[Fri Feb 17 16:40:50 MST 2023] - INFO client.Client: 	Getting input stream from server
[Fri Feb 17 16:40:50 MST 2023] - INFO client.Client: 	Reading input stream into a string
[Fri Feb 17 16:40:50 MST 2023] - INFO client.Proxy: 	Events called
[Fri Feb 17 16:40:50 MST 2023] - INFO client.Client: 	Get with Auth Token called
[Fri Feb 17 16:40:50 MST 2023] - INFO client.Client: 	Attempting to open connection to server
[Fri Feb 17 16:40:50 MST 2023] - INFO client.Client: 	Connection opened to server
[Fri Feb 17 16:40:50 MST 2023] - INFO client.Client: 	Setting passoffrequest method to GET
[Fri Feb 17 16:40:50 MST 2023] - INFO client.Client: 	Request method set to GET
[Fri Feb 17 16:40:50 MST 2023] - INFO client.Client: 	Setting Do Output to false
[Fri Feb 17 16:40:50 MST 2023] - INFO client.Client: 	Do Output set to false
[Fri Feb 17 16:40:50 MST 2023] - INFO client.Client: 	Adding Auth token null
[Fri Feb 17 16:40:50 MST 2023] - INFO client.Client: 	Auth token set to null
[Fri Feb 17 16:40:50 MST 2023] - INFO client.Client: 	Connecting to server
[Fri Feb 17 16:40:50 MST 2023] - INFO client.Client: 	Connected to server
[Fri Feb 17 16:40:50 MST 2023] - INFO client.Client: 	Getting response code from server
[Fri Feb 17 16:40:50 MST 2023] - INFO passoff.ServerTest: 	Setting up File Handler Default Test...
[Fri Feb 17 16:40:50 MST 2023] - INFO client.Proxy: 	Clear called
[Fri Feb 17 16:40:50 MST 2023] - INFO client.Client: 	Post without Request Body called
[Fri Feb 17 16:40:50 MST 2023] - INFO client.Client: 	Attempting to open connection to server
[Fri Feb 17 16:40:50 MST 2023] - INFO client.Client: 	Connection opened to server
[Fri Feb 17 16:40:50 MST 2023] - INFO client.Client: 	Setting passoffrequest method to POST
[Fri Feb 17 16:40:50 MST 2023] - INFO client.Client: 	Request method set to POST
[Fri Feb 17 16:40:50 MST 2023] - INFO client.Client: 	Setting Do Output to true
[Fri Feb 17 16:40:50 MST 2023] - INFO client.Client: 	Do Output set to true
[Fri Feb 17 16:40:50 MST 2023] - INFO client.Client: 	Connecting to server
[Fri Feb 17 16:40:50 MST 2023] - INFO client.Client: 	Connected to server
[Fri Feb 17 16:40:50 MST 2023] - INFO client.Client: 	Getting response code from server
[Fri Feb 17 16:40:53 MST 2023] - INFO client.Client: 	Response code 200 returned
[Fri Feb 17 16:40:53 MST 2023] - INFO client.Client: 	Getting input stream from server
[Fri Feb 17 16:40:53 MST 2023] - INFO client.Client: 	Reading input stream into a string
[Fri Feb 17 16:40:53 MST 2023] - INFO passoff.ServerTest: 	Running File Handler Default Test...
[Fri Feb 17 16:40:53 MST 2023] - INFO client.Proxy: 	File called
[Fri Feb 17 16:40:53 MST 2023] - INFO client.Client: 	Get without Auth Token called
[Fri Feb 17 16:40:53 MST 2023] - INFO client.Client: 	Attempting to open connection to server
[Fri Feb 17 16:40:53 MST 2023] - INFO client.Client: 	Connection opened to server
[Fri Feb 17 16:40:53 MST 2023] - INFO client.Client: 	Setting passoffrequest method to GET
[Fri Feb 17 16:40:53 MST 2023] - INFO client.Client: 	Request method set to GET
[Fri Feb 17 16:40:53 MST 2023] - INFO client.Client: 	Setting Do Output to false
[Fri Feb 17 16:40:53 MST 2023] - INFO client.Client: 	Do Output set to false
[Fri Feb 17 16:40:53 MST 2023] - INFO client.Client: 	Connecting to server
[Fri Feb 17 16:40:53 MST 2023] - INFO client.Client: 	Connected to server
[Fri Feb 17 16:40:53 MST 2023] - INFO client.Client: 	Getting response code from server
[Fri Feb 17 16:40:53 MST 2023] - INFO client.Client: 	Response code 200 returned
[Fri Feb 17 16:40:53 MST 2023] - INFO client.Client: 	Getting input stream from server
[Fri Feb 17 16:40:53 MST 2023] - INFO client.Client: 	Reading input stream into a string
[Fri Feb 17 16:40:53 MST 2023] - INFO passoff.ServerTest: 	Setting up Realistic Fill Death Test...
[Fri Feb 17 16:40:53 MST 2023] - INFO client.Proxy: 	Clear called
[Fri Feb 17 16:40:53 MST 2023] - INFO client.Client: 	Post without Request Body called
[Fri Feb 17 16:40:53 MST 2023] - INFO client.Client: 	Attempting to open connection to server
[Fri Feb 17 16:40:53 MST 2023] - INFO client.Client: 	Connection opened to server
[Fri Feb 17 16:40:53 MST 2023] - INFO client.Client: 	Setting passoffrequest method to POST
[Fri Feb 17 16:40:53 MST 2023] - INFO client.Client: 	Request method set to POST
[Fri Feb 17 16:40:53 MST 2023] - INFO client.Client: 	Setting Do Output to true
[Fri Feb 17 16:40:53 MST 2023] - INFO client.Client: 	Do Output set to true
[Fri Feb 17 16:40:53 MST 2023] - INFO client.Client: 	Connecting to server
[Fri Feb 17 16:40:53 MST 2023] - INFO client.Client: 	Connected to server
[Fri Feb 17 16:40:53 MST 2023] - INFO client.Client: 	Getting response code from server
[Fri Feb 17 16:40:56 MST 2023] - INFO client.Client: 	Response code 200 returned
[Fri Feb 17 16:40:56 MST 2023] - INFO client.Client: 	Getting input stream from server
[Fri Feb 17 16:40:56 MST 2023] - INFO client.Client: 	Reading input stream into a string
[Fri Feb 17 16:40:56 MST 2023] - INFO passoff.ServerTest: 	Running Realistic Fill Death Test...
[Fri Feb 17 16:40:56 MST 2023] - INFO client.Proxy: 	Register called
[Fri Feb 17 16:40:56 MST 2023] - INFO client.Client: 	Post with Request Body called
[Fri Feb 17 16:40:56 MST 2023] - INFO client.Client: 	Attempting to open connection to server
[Fri Feb 17 16:40:56 MST 2023] - INFO client.Client: 	Connection opened to server
[Fri Feb 17 16:40:56 MST 2023] - INFO client.Client: 	Setting passoffrequest method to POST
[Fri Feb 17 16:40:56 MST 2023] - INFO client.Client: 	Request method set to POST
[Fri Feb 17 16:40:56 MST 2023] - INFO client.Client: 	Setting Do Output to true
[Fri Feb 17 16:40:56 MST 2023] - INFO client.Client: 	Do Output set to true
[Fri Feb 17 16:40:56 MST 2023] - INFO client.Client: 	Connecting to server
[Fri Feb 17 16:40:56 MST 2023] - INFO client.Client: 	Connected to server
[Fri Feb 17 16:40:56 MST 2023] - INFO client.Client: 	Opening output stream to server
[Fri Feb 17 16:40:56 MST 2023] - INFO client.Client: 	Writing passoffrequest to server output stream
[Fri Feb 17 16:40:56 MST 2023] - INFO client.Client: 	Request written to server output stream
[Fri Feb 17 16:40:56 MST 2023] - INFO client.Client: 	Closing output stream to server
[Fri Feb 17 16:40:56 MST 2023] - INFO client.Client: 	Output stream to server closed
[Fri Feb 17 16:40:56 MST 2023] - INFO client.Client: 	Getting response code from server
[Fri Feb 17 16:40:56 MST 2023] - INFO client.Client: 	Response code 400 returned
[Fri Feb 17 16:40:56 MST 2023] - INFO client.Client: 	Getting input stream from server
[Fri Feb 17 16:40:56 MST 2023] - INFO client.Client: 	Reading input stream into a string
[Fri Feb 17 16:40:56 MST 2023] - INFO passoff.ServerTest: 	Setting up Login Invalid User Test...
[Fri Feb 17 16:40:56 MST 2023] - INFO client.Proxy: 	Clear called
[Fri Feb 17 16:40:56 MST 2023] - INFO client.Client: 	Post without Request Body called
[Fri Feb 17 16:40:56 MST 2023] - INFO client.Client: 	Attempting to open connection to server
[Fri Feb 17 16:40:56 MST 2023] - INFO client.Client: 	Connection opened to server
[Fri Feb 17 16:40:56 MST 2023] - INFO client.Client: 	Setting passoffrequest method to POST
[Fri Feb 17 16:40:56 MST 2023] - INFO client.Client: 	Request method set to POST
[Fri Feb 17 16:40:56 MST 2023] - INFO client.Client: 	Setting Do Output to true
[Fri Feb 17 16:40:56 MST 2023] - INFO client.Client: 	Do Output set to true
[Fri Feb 17 16:40:56 MST 2023] - INFO client.Client: 	Connecting to server
[Fri Feb 17 16:40:56 MST 2023] - INFO client.Client: 	Connected to server
[Fri Feb 17 16:40:56 MST 2023] - INFO client.Client: 	Getting response code from server
